<?xml version="1.0" encoding="UTF-8"?>
<!-- Generated by org.testng.reporters.JUnitReportReporter -->
<testsuite hostname="Ks-MacBook-Air" failures="0" tests="2" name="com.qa.mailtravel.tests.HomePageTest" time="0.058" errors="0" timestamp="2023-06-08T22:14:10 BST" skipped="0">
  <testcase classname="com.qa.mailtravel.tests.HomePageTest" name="searchExistTest" time="0.040"/>
  <system-out/>
  <testcase classname="com.qa.mailtravel.tests.HomePageTest" name="homepageTitleTest" time="0.018"/>
  <system-out/>
</testsuite> <!-- com.qa.mailtravel.tests.HomePageTest -->
